Sass is watching for changes. Press Ctrl-C to stop.

Compiled main.scss to style.css.
Sass is watching for changes. Press Ctrl-C to stop.

Compiled main.scss to style.css.
Compiled main.scss to style.css.
Compiled main.scss to style.css.
Compiled main.scss to style.css.
Compiled main.scss to style.css.
Compiled main.scss to style.css.
Compiled main.scss to style.css.
Compiled main.scss to style.css.
Compiled main.scss to style.css.
Compiled main.scss to style.css.
Compiled main.scss to style.css.
Compiled main.scss to style.css.
Compiled main.scss to style.css.
Compiled main.scss to style.css.
Compiled main.scss to style.css.
Compiled main.scss to style.css.
Compiled main.scss to style.css.
Compiled main.scss to style.css.
Compiled main.scss to style.css.
Compiled main.scss to style.css.
Compiled main.scss to style.css.
Compiled main.scss to style.css.
Compiled main.scss to style.css.
Compiled main.scss to style.css.
Compiled main.scss to style.css.
Compiled main.scss to style.css.
Compiled main.scss to style.css.
Compiled main.scss to style.css.
Compiled main.scss to style.css.
Compiled main.scss to style.css.
Compiled main.scss to style.css.
Compiled main.scss to style.css.
Compiled main.scss to style.css.
Compiled main.scss to style.css.
Compiled main.scss to style.css.
Compiled main.scss to style.css.
Compiled main.scss to style.css.
Compiled main.scss to style.css.
Compiled main.scss to style.css.
Compiled main.scss to style.css.
Compiled main.scss to style.css.
Compiled main.scss to style.css.
Compiled main.scss to style.css.
Compiled main.scss to style.css.
Compiled main.scss to style.css.
Compiled main.scss to style.css.
Compiled main.scss to style.css.
Compiled main.scss to style.css.
Compiled main.scss to style.css.
Compiled main.scss to style.css.
Compiled main.scss to style.css.
Compiled main.scss to style.css.
Compiled main.scss to style.css.
Deleted style.css.
Error: expected "{".
  transform: translateX(10px);
                             ^
  main.scss 46:30  root stylesheet

Compiled main.scss to style.css.
Sass is watching for changes. Press Ctrl-C to stop.

Compiled main.scss to style.css.
Compiled main.scss to style.css.
Sass is watching for changes. Press Ctrl-C to stop.

Compiled main.scss to style.css.
Compiled main.scss to style.css.
Sass is watching for changes. Press Ctrl-C to stop.

Compiled main.scss to style.css.
Compiled main.scss to style.css.
Compiled main.scss to style.css.
Compiled main.scss to style.css.
Compiled main.scss to style.css.
Deleted style.css.
Error: Expected identifier.
.#catalog-side{
 ^
  main.scss 25:2  root stylesheet

Error: Expected identifier.
.#catalog-side{
 ^
  main.scss 25:2  root stylesheet

Sass is watching for changes. Press Ctrl-C to stop.

Compiled main.scss to style.css.
Compiled main.scss to style.css.
Compiled main.scss to style.css.
Compiled main.scss to style.css.
Compiled main.scss to style.css.
Compiled main.scss to style.css.
Compiled main.scss to style.css.
Compiled main.scss to style.css.
Compiled main.scss to style.css.
Compiled main.scss to style.css.
Compiled main.scss to style.css.
Compiled main.scss to style.css.
Compiled main.scss to style.css.
Compiled main.scss to style.css.
Compiled main.scss to style.css.
Compiled main.scss to style.css.
Compiled main.scss to style.css.
Compiled main.scss to style.css.
Compiled main.scss to style.css.
Compiled main.scss to style.css.
Compiled main.scss to style.css.
Compiled main.scss to style.css.
Compiled main.scss to style.css.
Compiled main.scss to style.css.
Compiled main.scss to style.css.
Compiled main.scss to style.css.
Compiled main.scss to style.css.
Sass is watching for changes. Press Ctrl-C to stop.

Compiled main.scss to style.css.
Sass is watching for changes. Press Ctrl-C to stop.

Compiled main.scss to style.css.
Compiled main.scss to style.css.
Compiled main.scss to style.css.
Compiled main.scss to style.css.
